<?xml version="1.0" encoding="UTF-8"?>
<coverage generated="1575674679635" clover="3.2.0">
  <project timestamp="1575674679635" name="All files">
    <metrics statements="43" coveredstatements="36" conditionals="0" coveredconditionals="0" methods="11" coveredmethods="6" elements="54" coveredelements="42" complexity="0" loc="43" ncloc="43" packages="3" files="7" classes="7"/>
    <package name="lib">
      <metrics statements="20" coveredstatements="14" conditionals="0" coveredconditionals="0" methods="8" coveredmethods="4"/>
      <file name="app.js" path="C:\Users\jodin\alchemy\career-track\creating-mongoose-models\lib\app.js">
        <metrics statements="20" coveredstatements="14" conditionals="0" coveredconditionals="0" methods="8" coveredmethods="4"/>
        <line num="1" count="1" type="stmt"/>
        <line num="2" count="1" type="stmt"/>
        <line num="3" count="1" type="stmt"/>
        <line num="6" count="1" type="stmt"/>
        <line num="9" count="1" type="stmt"/>
        <line num="10" count="1" type="stmt"/>
        <line num="12" count="1" type="stmt"/>
        <line num="18" count="1" type="stmt"/>
        <line num="19" count="0" type="stmt"/>
        <line num="20" count="0" type="stmt"/>
        <line num="22" count="0" type="stmt"/>
        <line num="27" count="1" type="stmt"/>
        <line num="31" count="1" type="stmt"/>
        <line num="32" count="1" type="stmt"/>
        <line num="39" count="1" type="stmt"/>
        <line num="44" count="1" type="stmt"/>
        <line num="45" count="0" type="stmt"/>
        <line num="46" count="0" type="stmt"/>
        <line num="48" count="0" type="stmt"/>
        <line num="55" count="1" type="stmt"/>
      </file>
    </package>
    <package name="lib.Models">
      <metrics statements="15" coveredstatements="15" conditionals="0" coveredconditionals="0" methods="0" coveredmethods="0"/>
      <file name="Mountain.js" path="C:\Users\jodin\alchemy\career-track\creating-mongoose-models\lib\Models\Mountain.js">
        <metrics statements="3" coveredstatements="3" conditionals="0" coveredconditionals="0" methods="0" coveredmethods="0"/>
        <line num="1" count="1" type="stmt"/>
        <line num="3" count="1" type="stmt"/>
        <line num="22" count="1" type="stmt"/>
      </file>
      <file name="Skater.js" path="C:\Users\jodin\alchemy\career-track\creating-mongoose-models\lib\Models\Skater.js">
        <metrics statements="3" coveredstatements="3" conditionals="0" coveredconditionals="0" methods="0" coveredmethods="0"/>
        <line num="1" count="2" type="stmt"/>
        <line num="3" count="2" type="stmt"/>
        <line num="24" count="2" type="stmt"/>
      </file>
      <file name="Tarot.js" path="C:\Users\jodin\alchemy\career-track\creating-mongoose-models\lib\Models\Tarot.js">
        <metrics statements="3" coveredstatements="3" conditionals="0" coveredconditionals="0" methods="0" coveredmethods="0"/>
        <line num="1" count="1" type="stmt"/>
        <line num="3" count="1" type="stmt"/>
        <line num="26" count="1" type="stmt"/>
      </file>
      <file name="Tree.js" path="C:\Users\jodin\alchemy\career-track\creating-mongoose-models\lib\Models\Tree.js">
        <metrics statements="3" coveredstatements="3" conditionals="0" coveredconditionals="0" methods="0" coveredmethods="0"/>
        <line num="1" count="1" type="stmt"/>
        <line num="3" count="1" type="stmt"/>
        <line num="17" count="1" type="stmt"/>
      </file>
      <file name="Yarn.js" path="C:\Users\jodin\alchemy\career-track\creating-mongoose-models\lib\Models\Yarn.js">
        <metrics statements="3" coveredstatements="3" conditionals="0" coveredconditionals="0" methods="0" coveredmethods="0"/>
        <line num="1" count="1" type="stmt"/>
        <line num="3" count="1" type="stmt"/>
        <line num="22" count="1" type="stmt"/>
      </file>
    </package>
    <package name="lib.utils">
      <metrics statements="8" coveredstatements="7" conditionals="0" coveredconditionals="0" methods="3" coveredmethods="2"/>
      <file name="connect.js" path="C:\Users\jodin\alchemy\career-track\creating-mongoose-models\lib\utils\connect.js">
        <metrics statements="8" coveredstatements="7" conditionals="0" coveredconditionals="0" methods="3" coveredmethods="2"/>
        <line num="1" count="1" type="stmt"/>
        <line num="2" count="1" type="stmt"/>
        <line num="5" count="1" type="stmt"/>
        <line num="10" count="1" type="stmt"/>
        <line num="11" count="1" type="stmt"/>
        <line num="14" count="1" type="stmt"/>
        <line num="15" count="0" type="stmt"/>
        <line num="19" count="1" type="stmt"/>
      </file>
    </package>
  </project>
</coverage>
