{"C:\\Users\\jodin\\alchemy\\career-track\\creating-mongoose-models\\lib\\Models\\Mountain.js": {"path":"C:\\Users\\jodin\\alchemy\\career-track\\creating-mongoose-models\\lib\\Models\\Mountain.js","statementMap":{"0":{"start":{"line":1,"column":17},"end":{"line":1,"column":36}},"1":{"start":{"line":3,"column":23},"end":{"line":20,"column":2}},"2":{"start":{"line":22,"column":0},"end":{"line":22,"column":60}}},"fnMap":{},"branchMap":{},"s":{"0":1,"1":1,"2":1},"f":{},"b":{},"_coverageSchema":"43e27e138ebf9cfc5966b082cf9a028302ed4184","hash":"0ae7a81816219dd6f4cf501f03b22926c67fe2ff"}
,"C:\\Users\\jodin\\alchemy\\career-track\\creating-mongoose-models\\lib\\Models\\Skater.js": {"path":"C:\\Users\\jodin\\alchemy\\career-track\\creating-mongoose-models\\lib\\Models\\Skater.js","statementMap":{"0":{"start":{"line":1,"column":17},"end":{"line":1,"column":36}},"1":{"start":{"line":3,"column":21},"end":{"line":21,"column":2}},"2":{"start":{"line":23,"column":0},"end":{"line":23,"column":56}}},"fnMap":{},"branchMap":{},"s":{"0":1,"1":1,"2":1},"f":{},"b":{},"_coverageSchema":"43e27e138ebf9cfc5966b082cf9a028302ed4184","hash":"92a88b4c7792ca7a9634868892220d8e11594b8b"}
,"C:\\Users\\jodin\\alchemy\\career-track\\creating-mongoose-models\\lib\\Models\\Tarot.js": {"path":"C:\\Users\\jodin\\alchemy\\career-track\\creating-mongoose-models\\lib\\Models\\Tarot.js","statementMap":{"0":{"start":{"line":1,"column":17},"end":{"line":1,"column":36}},"1":{"start":{"line":3,"column":20},"end":{"line":24,"column":2}},"2":{"start":{"line":26,"column":0},"end":{"line":26,"column":54}}},"fnMap":{},"branchMap":{},"s":{"0":1,"1":1,"2":1},"f":{},"b":{},"_coverageSchema":"43e27e138ebf9cfc5966b082cf9a028302ed4184","hash":"b5ddcf6dac1defaf0689ecca7b1d57f16a2e9fd0"}
,"C:\\Users\\jodin\\alchemy\\career-track\\creating-mongoose-models\\lib\\Models\\Tree.js": {"path":"C:\\Users\\jodin\\alchemy\\career-track\\creating-mongoose-models\\lib\\Models\\Tree.js","statementMap":{"0":{"start":{"line":1,"column":17},"end":{"line":1,"column":36}},"1":{"start":{"line":3,"column":19},"end":{"line":15,"column":2}},"2":{"start":{"line":17,"column":0},"end":{"line":17,"column":52}}},"fnMap":{},"branchMap":{},"s":{"0":1,"1":1,"2":1},"f":{},"b":{},"_coverageSchema":"43e27e138ebf9cfc5966b082cf9a028302ed4184","hash":"01e0b05c0b06e81ccfc0e3cd4d7a74c8239cc35c"}
,"C:\\Users\\jodin\\alchemy\\career-track\\creating-mongoose-models\\lib\\Models\\Yarn.js": {"path":"C:\\Users\\jodin\\alchemy\\career-track\\creating-mongoose-models\\lib\\Models\\Yarn.js","statementMap":{"0":{"start":{"line":1,"column":17},"end":{"line":1,"column":36}},"1":{"start":{"line":3,"column":19},"end":{"line":20,"column":2}},"2":{"start":{"line":22,"column":0},"end":{"line":22,"column":52}}},"fnMap":{},"branchMap":{},"s":{"0":1,"1":1,"2":1},"f":{},"b":{},"_coverageSchema":"43e27e138ebf9cfc5966b082cf9a028302ed4184","hash":"32a0537c7015f49979e2a759ccdb55d92396e36e"}
}
