TN:
SF:C:\Users\jodin\alchemy\career-track\creating-mongoose-models\lib\Models\Mountain.js
FNF:0
FNH:0
DA:1,1
DA:3,1
DA:22,1
LF:3
LH:3
BRF:0
BRH:0
end_of_record
TN:
SF:C:\Users\jodin\alchemy\career-track\creating-mongoose-models\lib\Models\Skater.js
FNF:0
FNH:0
DA:1,1
DA:3,1
DA:23,1
LF:3
LH:3
BRF:0
BRH:0
end_of_record
TN:
SF:C:\Users\jodin\alchemy\career-track\creating-mongoose-models\lib\Models\Tarot.js
FNF:0
FNH:0
DA:1,1
DA:3,1
DA:26,1
LF:3
LH:3
BRF:0
BRH:0
end_of_record
TN:
SF:C:\Users\jodin\alchemy\career-track\creating-mongoose-models\lib\Models\Tree.js
FNF:0
FNH:0
DA:1,1
DA:3,1
DA:17,1
LF:3
LH:3
BRF:0
BRH:0
end_of_record
TN:
SF:C:\Users\jodin\alchemy\career-track\creating-mongoose-models\lib\Models\Yarn.js
FNF:0
FNH:0
DA:1,1
DA:3,1
DA:22,1
LF:3
LH:3
BRF:0
BRH:0
end_of_record
