TN:
SF:C:\Users\jodin\alchemy\career-track\creating-mongoose-models\lib\app.js
FN:9,(anonymous_0)
FN:11,(anonymous_1)
FN:18,(anonymous_2)
FN:21,(anonymous_3)
FN:28,(anonymous_4)
FN:39,(anonymous_5)
FN:45,(anonymous_6)
FN:49,(anonymous_7)
FN:55,(anonymous_8)
FN:58,(anonymous_9)
FNF:10
FNH:6
FNDA:1,(anonymous_0)
FNDA:1,(anonymous_1)
FNDA:3,(anonymous_2)
FNDA:3,(anonymous_3)
FNDA:1,(anonymous_4)
FNDA:1,(anonymous_5)
FNDA:0,(anonymous_6)
FNDA:0,(anonymous_7)
FNDA:0,(anonymous_8)
FNDA:0,(anonymous_9)
DA:1,1
DA:2,1
DA:3,1
DA:6,1
DA:9,1
DA:10,1
DA:12,1
DA:18,1
DA:19,3
DA:20,3
DA:22,3
DA:23,3
DA:28,1
DA:32,1
DA:33,1
DA:40,1
DA:45,1
DA:46,0
DA:47,0
DA:48,0
DA:50,0
DA:55,1
DA:56,0
DA:57,0
DA:59,0
DA:63,1
LF:26
LH:19
BRF:0
BRH:0
end_of_record
TN:
SF:C:\Users\jodin\alchemy\career-track\creating-mongoose-models\lib\Models\Mountain.js
FNF:0
FNH:0
DA:1,1
DA:3,1
DA:22,1
LF:3
LH:3
BRF:0
BRH:0
end_of_record
TN:
SF:C:\Users\jodin\alchemy\career-track\creating-mongoose-models\lib\Models\Skater.js
FNF:0
FNH:0
DA:1,2
DA:3,2
DA:24,2
LF:3
LH:3
BRF:0
BRH:0
end_of_record
TN:
SF:C:\Users\jodin\alchemy\career-track\creating-mongoose-models\lib\Models\Tarot.js
FNF:0
FNH:0
DA:1,1
DA:3,1
DA:26,1
LF:3
LH:3
BRF:0
BRH:0
end_of_record
TN:
SF:C:\Users\jodin\alchemy\career-track\creating-mongoose-models\lib\Models\Tree.js
FNF:0
FNH:0
DA:1,1
DA:3,1
DA:17,1
LF:3
LH:3
BRF:0
BRH:0
end_of_record
TN:
SF:C:\Users\jodin\alchemy\career-track\creating-mongoose-models\lib\Models\Yarn.js
FNF:0
FNH:0
DA:1,1
DA:3,1
DA:22,1
LF:3
LH:3
BRF:0
BRH:0
end_of_record
TN:
SF:C:\Users\jodin\alchemy\career-track\creating-mongoose-models\lib\utils\connect.js
FN:4,connect
FN:10,(anonymous_1)
FN:14,(anonymous_2)
FNF:3
FNH:2
FNDA:1,connect
FNDA:1,(anonymous_1)
FNDA:0,(anonymous_2)
DA:1,1
DA:2,1
DA:5,1
DA:10,1
DA:11,1
DA:14,1
DA:15,0
DA:19,1
LF:8
LH:7
BRF:0
BRH:0
end_of_record
